
**** Clean-only build of configuration Debug for project Lab3Part2 ****

"C:\\ti\\ccs930\\ccs\\utils\\bin\\gmake" -k -j 8 clean -O 
 
DEL /F  "Lab3Part2.hex"  "Lab3Part2.out" 
DEL /F "main.obj" "startup_msp432p401r_ccs.obj" "system_msp432p401r.obj" 
DEL /F "main.d" "startup_msp432p401r_ccs.d" "system_msp432p401r.d" 
Finished clean
 

**** Build Finished ****

**** Build of configuration Debug for project Lab3Part2 ****

"C:\\ti\\ccs930\\ccs\\utils\\bin\\gmake" -k -j 8 all -O 
 
Building file: "../startup_msp432p401r_ccs.c"
Invoking: ARM Compiler
"C:/ti/ccs930/ccs/tools/compiler/ti-cgt-arm_18.12.4.LTS/bin/armcl" -mv7M4 --code_state=16 --float_support=FPv4SPD16 -me --include_path="C:/ti/ccs930/ccs/ccs_base/arm/include" --include_path="C:/ti/ccs930/ccs/ccs_base/arm/include/CMSIS" --include_path="C:/Users/hkril/Documents/GitHub/EGR226_Hayden_Krile/Lab3Part2" --include_path="C:/ti/ccs930/ccs/tools/compiler/ti-cgt-arm_18.12.4.LTS/include" --advice:power=all --define=__MSP432P401R__ --define=ccs -g --gcc --diag_warning=225 --diag_wrap=off --display_error_number --abi=eabi --preproc_with_compile --preproc_dependency="startup_msp432p401r_ccs.d_raw"  "../startup_msp432p401r_ccs.c"
Finished building: "../startup_msp432p401r_ccs.c"
 
Building file: "../main.c"
Invoking: ARM Compiler
"C:/ti/ccs930/ccs/tools/compiler/ti-cgt-arm_18.12.4.LTS/bin/armcl" -mv7M4 --code_state=16 --float_support=FPv4SPD16 -me --include_path="C:/ti/ccs930/ccs/ccs_base/arm/include" --include_path="C:/ti/ccs930/ccs/ccs_base/arm/include/CMSIS" --include_path="C:/Users/hkril/Documents/GitHub/EGR226_Hayden_Krile/Lab3Part2" --include_path="C:/ti/ccs930/ccs/tools/compiler/ti-cgt-arm_18.12.4.LTS/include" --advice:power=all --define=__MSP432P401R__ --define=ccs -g --gcc --diag_warning=225 --diag_wrap=off --display_error_number --abi=eabi --preproc_with_compile --preproc_dependency="main.d_raw"  "../main.c"
"../main.c", line 16: remark #1527-D: (ULP 2.1) Detected SW delay loop using empty loop. Recommend using a timer module instead
Finished building: "../main.c"
 
Building file: "../system_msp432p401r.c"
Invoking: ARM Compiler
"C:/ti/ccs930/ccs/tools/compiler/ti-cgt-arm_18.12.4.LTS/bin/armcl" -mv7M4 --code_state=16 --float_support=FPv4SPD16 -me --include_path="C:/ti/ccs930/ccs/ccs_base/arm/include" --include_path="C:/ti/ccs930/ccs/ccs_base/arm/include/CMSIS" --include_path="C:/Users/hkril/Documents/GitHub/EGR226_Hayden_Krile/Lab3Part2" --include_path="C:/ti/ccs930/ccs/tools/compiler/ti-cgt-arm_18.12.4.LTS/include" --advice:power=all --define=__MSP432P401R__ --define=ccs -g --gcc --diag_warning=225 --diag_wrap=off --display_error_number --abi=eabi --preproc_with_compile --preproc_dependency="system_msp432p401r.d_raw"  "../system_msp432p401r.c"
"../system_msp432p401r.c", line 156: remark #2623-D: (ULP 5.4) Detected an assignment to a type with size less than int. To avoid unnecessary sign extension, use int-sized types for local varaibles and convert to smaller types for static storage.
"../system_msp432p401r.c", line 189: remark #2623-D: (ULP 5.4) Detected an assignment to a type with size less than int. To avoid unnecessary sign extension, use int-sized types for local varaibles and convert to smaller types for static storage.
Finished building: "../system_msp432p401r.c"
 
Building target: "Lab3Part2.out"
Invoking: ARM Linker
"C:/ti/ccs930/ccs/tools/compiler/ti-cgt-arm_18.12.4.LTS/bin/armcl" -mv7M4 --code_state=16 --float_support=FPv4SPD16 -me --advice:power=all --define=__MSP432P401R__ --define=ccs -g --gcc --diag_warning=225 --diag_wrap=off --display_error_number --abi=eabi -z -m"Lab3Part2.map" --heap_size=1024 --stack_size=512 -i"C:/ti/ccs930/ccs/ccs_base/arm/include" -i"C:/ti/ccs930/ccs/tools/compiler/ti-cgt-arm_18.12.4.LTS/lib" -i"C:/ti/ccs930/ccs/tools/compiler/ti-cgt-arm_18.12.4.LTS/include" --reread_libs --diag_wrap=off --display_error_number --warn_sections --xml_link_info="Lab3Part2_linkInfo.xml" --rom_model -o "Lab3Part2.out" "./main.obj" "./startup_msp432p401r_ccs.obj" "./system_msp432p401r.obj" "../msp432p401r.cmd"  -llibc.a 
<Linking>
remark #10371-D: (ULP 1.1) Detected no uses of low power mode state changing instructions
remark #10372-D: (ULP 4.1) Detected uninitialized Port 1 in this project. Recommend initializing all unused ports to eliminate wasted current consumption on unused pins.
remark #10372-D: (ULP 4.1) Detected uninitialized Port 2 in this project. Recommend initializing all unused ports to eliminate wasted current consumption on unused pins.
remark #10372-D: (ULP 4.1) Detected uninitialized Port 3 in this project. Recommend initializing all unused ports to eliminate wasted current consumption on unused pins.
remark #10372-D: (ULP 4.1) Detected uninitialized Port 4 in this project. Recommend initializing all unused ports to eliminate wasted current consumption on unused pins.
remark #10372-D: (ULP 4.1) Detected uninitialized Port 5 in this project. Recommend initializing all unused ports to eliminate wasted current consumption on unused pins.
remark #10372-D: (ULP 4.1) Detected uninitialized Port 6 in this project. Recommend initializing all unused ports to eliminate wasted current consumption on unused pins.
remark #10372-D: (ULP 4.1) Detected uninitialized Port 7 in this project. Recommend initializing all unused ports to eliminate wasted current consumption on unused pins.
remark #10372-D: (ULP 4.1) Detected uninitialized Port 8 in this project. Recommend initializing all unused ports to eliminate wasted current consumption on unused pins.
remark #10372-D: (ULP 4.1) Detected uninitialized Port 9 in this project. Recommend initializing all unused ports to eliminate wasted current consumption on unused pins.
remark #10372-D: (ULP 4.1) Detected uninitialized Port 10 in this project. Recommend initializing all unused ports to eliminate wasted current consumption on unused pins.
Finished building target: "Lab3Part2.out"
 

**** Build Finished ****

**** Build of configuration Debug for project Lab3Part2 ****

"C:\\ti\\ccs930\\ccs\\utils\\bin\\gmake" -k -j 8 all -O 
 
gmake[1]: 'Lab3Part2.out' is up to date.

**** Build Finished ****

**** Build of configuration Debug for project Lab3Part2 ****

"C:\\ti\\ccs930\\ccs\\utils\\bin\\gmake" -k -j 8 all -O 
 
Building file: "../main.c"
Invoking: ARM Compiler
"C:/ti/ccs930/ccs/tools/compiler/ti-cgt-arm_18.12.4.LTS/bin/armcl" -mv7M4 --code_state=16 --float_support=FPv4SPD16 -me --include_path="C:/ti/ccs930/ccs/ccs_base/arm/include" --include_path="C:/ti/ccs930/ccs/ccs_base/arm/include/CMSIS" --include_path="C:/Users/hkril/Documents/GitHub/EGR226_Hayden_Krile/Lab3Part2" --include_path="C:/ti/ccs930/ccs/tools/compiler/ti-cgt-arm_18.12.4.LTS/include" --advice:power=all --define=__MSP432P401R__ --define=ccs -g --gcc --diag_warning=225 --diag_wrap=off --display_error_number --abi=eabi --preproc_with_compile --preproc_dependency="main.d_raw"  "../main.c"
"../main.c", line 16: remark #1527-D: (ULP 2.1) Detected SW delay loop using empty loop. Recommend using a timer module instead
Finished building: "../main.c"
 
Building target: "Lab3Part2.out"
Invoking: ARM Linker
"C:/ti/ccs930/ccs/tools/compiler/ti-cgt-arm_18.12.4.LTS/bin/armcl" -mv7M4 --code_state=16 --float_support=FPv4SPD16 -me --advice:power=all --define=__MSP432P401R__ --define=ccs -g --gcc --diag_warning=225 --diag_wrap=off --display_error_number --abi=eabi -z -m"Lab3Part2.map" --heap_size=1024 --stack_size=512 -i"C:/ti/ccs930/ccs/ccs_base/arm/include" -i"C:/ti/ccs930/ccs/tools/compiler/ti-cgt-arm_18.12.4.LTS/lib" -i"C:/ti/ccs930/ccs/tools/compiler/ti-cgt-arm_18.12.4.LTS/include" --reread_libs --diag_wrap=off --display_error_number --warn_sections --xml_link_info="Lab3Part2_linkInfo.xml" --rom_model -o "Lab3Part2.out" "./main.obj" "./startup_msp432p401r_ccs.obj" "./system_msp432p401r.obj" "../msp432p401r.cmd"  -llibc.a 
<Linking>
remark #10371-D: (ULP 1.1) Detected no uses of low power mode state changing instructions
remark #10372-D: (ULP 4.1) Detected uninitialized Port 1 in this project. Recommend initializing all unused ports to eliminate wasted current consumption on unused pins.
remark #10372-D: (ULP 4.1) Detected uninitialized Port 2 in this project. Recommend initializing all unused ports to eliminate wasted current consumption on unused pins.
remark #10372-D: (ULP 4.1) Detected uninitialized Port 3 in this project. Recommend initializing all unused ports to eliminate wasted current consumption on unused pins.
remark #10372-D: (ULP 4.1) Detected uninitialized Port 4 in this project. Recommend initializing all unused ports to eliminate wasted current consumption on unused pins.
remark #10372-D: (ULP 4.1) Detected uninitialized Port 5 in this project. Recommend initializing all unused ports to eliminate wasted current consumption on unused pins.
remark #10372-D: (ULP 4.1) Detected uninitialized Port 6 in this project. Recommend initializing all unused ports to eliminate wasted current consumption on unused pins.
remark #10372-D: (ULP 4.1) Detected uninitialized Port 7 in this project. Recommend initializing all unused ports to eliminate wasted current consumption on unused pins.
remark #10372-D: (ULP 4.1) Detected uninitialized Port 8 in this project. Recommend initializing all unused ports to eliminate wasted current consumption on unused pins.
remark #10372-D: (ULP 4.1) Detected uninitialized Port 9 in this project. Recommend initializing all unused ports to eliminate wasted current consumption on unused pins.
remark #10372-D: (ULP 4.1) Detected uninitialized Port 10 in this project. Recommend initializing all unused ports to eliminate wasted current consumption on unused pins.
Finished building target: "Lab3Part2.out"
 

**** Build Finished ****

**** Build of configuration Debug for project Lab3Part2 ****

"C:\\ti\\ccs930\\ccs\\utils\\bin\\gmake" -k -j 8 all -O 
 
Building file: "../main.c"
Invoking: ARM Compiler
"C:/ti/ccs930/ccs/tools/compiler/ti-cgt-arm_18.12.4.LTS/bin/armcl" -mv7M4 --code_state=16 --float_support=FPv4SPD16 -me --include_path="C:/ti/ccs930/ccs/ccs_base/arm/include" --include_path="C:/ti/ccs930/ccs/ccs_base/arm/include/CMSIS" --include_path="C:/Users/hkril/Documents/GitHub/EGR226_Hayden_Krile/Lab3Part2" --include_path="C:/ti/ccs930/ccs/tools/compiler/ti-cgt-arm_18.12.4.LTS/include" --advice:power=all --define=__MSP432P401R__ --define=ccs -g --gcc --diag_warning=225 --diag_wrap=off --display_error_number --abi=eabi --preproc_with_compile --preproc_dependency="main.d_raw"  "../main.c"
"../main.c", line 16: remark #1527-D: (ULP 2.1) Detected SW delay loop using empty loop. Recommend using a timer module instead
Finished building: "../main.c"
 
Building target: "Lab3Part2.out"
Invoking: ARM Linker
"C:/ti/ccs930/ccs/tools/compiler/ti-cgt-arm_18.12.4.LTS/bin/armcl" -mv7M4 --code_state=16 --float_support=FPv4SPD16 -me --advice:power=all --define=__MSP432P401R__ --define=ccs -g --gcc --diag_warning=225 --diag_wrap=off --display_error_number --abi=eabi -z -m"Lab3Part2.map" --heap_size=1024 --stack_size=512 -i"C:/ti/ccs930/ccs/ccs_base/arm/include" -i"C:/ti/ccs930/ccs/tools/compiler/ti-cgt-arm_18.12.4.LTS/lib" -i"C:/ti/ccs930/ccs/tools/compiler/ti-cgt-arm_18.12.4.LTS/include" --reread_libs --diag_wrap=off --display_error_number --warn_sections --xml_link_info="Lab3Part2_linkInfo.xml" --rom_model -o "Lab3Part2.out" "./main.obj" "./startup_msp432p401r_ccs.obj" "./system_msp432p401r.obj" "../msp432p401r.cmd"  -llibc.a 
<Linking>
remark #10371-D: (ULP 1.1) Detected no uses of low power mode state changing instructions
remark #10372-D: (ULP 4.1) Detected uninitialized Port 1 in this project. Recommend initializing all unused ports to eliminate wasted current consumption on unused pins.
remark #10372-D: (ULP 4.1) Detected uninitialized Port 2 in this project. Recommend initializing all unused ports to eliminate wasted current consumption on unused pins.
remark #10372-D: (ULP 4.1) Detected uninitialized Port 3 in this project. Recommend initializing all unused ports to eliminate wasted current consumption on unused pins.
remark #10372-D: (ULP 4.1) Detected uninitialized Port 4 in this project. Recommend initializing all unused ports to eliminate wasted current consumption on unused pins.
remark #10372-D: (ULP 4.1) Detected uninitialized Port 5 in this project. Recommend initializing all unused ports to eliminate wasted current consumption on unused pins.
remark #10372-D: (ULP 4.1) Detected uninitialized Port 6 in this project. Recommend initializing all unused ports to eliminate wasted current consumption on unused pins.
remark #10372-D: (ULP 4.1) Detected uninitialized Port 7 in this project. Recommend initializing all unused ports to eliminate wasted current consumption on unused pins.
remark #10372-D: (ULP 4.1) Detected uninitialized Port 8 in this project. Recommend initializing all unused ports to eliminate wasted current consumption on unused pins.
remark #10372-D: (ULP 4.1) Detected uninitialized Port 9 in this project. Recommend initializing all unused ports to eliminate wasted current consumption on unused pins.
remark #10372-D: (ULP 4.1) Detected uninitialized Port 10 in this project. Recommend initializing all unused ports to eliminate wasted current consumption on unused pins.
Finished building target: "Lab3Part2.out"
 

**** Build Finished ****
